<?xml version="1.0" encoding="UTF-8"?>
<!-- Generated by org.testng.reporters.JUnitReportReporter -->
<testsuite hostname="Abhishek" failures="0" tests="1" name="TestCases.testcase1" time="0.022" errors="0" timestamp="2024-12-28T13:16:15 IST" skipped="0">
  <testcase classname="TestCases.testcase1" name="LoginTest" time="0.022"/>
</testsuite> <!-- TestCases.testcase1 -->
